 AS V1.42 Beta [Bld 87] - source file boydmon61.oasm - page 1 - 4/14/2017 13:45:18


       1/       0 :                     ; generated by lcc-xr18NW $Version: 5.0 - XR18NW $ on Fri Apr 14 13:45:18 2017
       2/       0 :                     
       3/       0 : =2H                 SP:	equ	2 ;stack pointer
       4/       0 : =EH                 memAddr: equ	14
       5/       0 : =6H                 retAddr: equ	6
       6/       0 : =FH                 retVal:	equ	15
       7/       0 : =CH                 regArg1: equ	12
       8/       0 : =DH                 regArg2: equ	13
(1) 1122/       0 :                     	listing	on
(1) 1123/       0 : C0 05 33            	lbr	lcc1802Init
(1) 1124/       3 :                     	
(1) 1125/       3 :                     
      11/       3 :                     	listing on
      12/       3 :                     _PIN4:
      13/       3 : 00                  	db 0
      14/       4 :                     ;$$function start$$ _boydinc
      15/       4 :                     _boydinc:		;framesize=2
      16/       4 :                     ;void boydinc(){
      17/       4 :                     ;	asm(" include \"boydscan.inc\"\n");
      18/       4 :                      include "boydscan.inc"
(1)    1/       4 :                     _boydscan:			;SCAN THE KEYBOARD
(1)    2/       4 : EE                  		sex	r14 	;set up "don't care" X register
(1)    3/       5 : 68 CF 00 00         		rldi	r15,0	; r15 is return value
(1)    4/       9 : 61                  .scan:		OUT	1                     ;109: 61 	
(1)    5/       A : 34 50               		B1	.KEY_12                     ;10A: 34 50 	
(1)    6/       C : 35 60               		B2	.KEY_8                      ;10C: 35 60 	
(1)    7/       E : 36 70               		B3	.KEY_4                      ;10E: 36 70 	
(1)    8/      10 : 37 80               		B4	.KEY_0                      ;110: 37 80 	
(1)    9/      12 : 62                  		OUT	2                     ;112: 62 	
(1)   10/      13 : 34 54               		B1	.KEY_13                     ;113: 34 54 	
(1)   11/      15 : 35 64               		B2	.KEY_9                      ;115: 35 64 	
(1)   12/      17 : 36 74               		B3	.KEY_5                      ;117: 36 74 	
(1)   13/      19 : 37 84               		B4	.KEY_1                      ;119: 37 84 	
(1)   14/      1B : 63                  		OUT	3                     ;11B: 63 	
(1)   15/      1C : 34 58               		B1	.KEY_14                     ;11C: 34 58 	
(1)   16/      1E : 35 68               		B2	.KEY_10                     ;11E: 35 68 	
(1)   17/      20 : 36 78               		B3	.KEY_6                      ;120: 36 78 	
(1)   18/      22 : 37 88               		B4	.KEY_2                      ;122: 37 88 	
(1)   19/      24 : 64                  		OUT	4                     ;124: 64 	
(1)   20/      25 : 34 5C               		B1	.KEY_15                     ;125: 34 5C 	
(1)   21/      27 : 35 6C               		B2	.KEY_11                     ;127: 35 6C 	
(1)   22/      29 : 36 7C               		B3	.KEY_7                      ;129: 36 7C 	
(1)   23/      2B : 37 8C               		B4	.KEY_3                      ;12B: 37 8C 	
(1)   24/      2D : 65                  		OUT	5                     ;12D: 65 	
(1)   25/      2E : 34 AC               		B1	.KEY_DIV_WHOLE              ;12E: 34 99 	
(1)   26/      30 : 35 98               		B2	.KEY_MUL                    ;130: 35 96 	
(1)   27/      32 : 36 94               		B3	.KEY_SUB                    ;132: 36 93 	
(1)   28/      34 : 37 90               		B4	.KEY_ADD                    ;134: 37 90 	
(1)   29/      36 : 66                  		OUT	6                     ;136: 66 	
(1)   30/      37 : 34 A0               		B1	.KEY_REM                    ;137: 34 A5 	
(1)   31/      39 : 35 9C               		B2	.KEY_MEM_STORE              ;139: 35 A2 	
(1)   32/      3B : 36 AC               		B3	.KEY_MEM_RECALL             ;13B: 36 9F 	
(1)   33/      3D : 37 AC               		B4	.KEY_EQU                    ;13D: 37 9C 	
(1)   34/      3F : 7B                  		SEQ                                ;13F: 7B 	
(1)   35/      40 : 34 AB               		B1	.KEY_DIV_FIS                ;140: 34 B1 	
(1)   36/      42 : 35 A4               		B2	.KEY_CLEAR                  ;142: 35 AE 	
(1)   37/      44 : 36 AA               		B3	.KEY_CLR_ENTRY              ;144: 36 AB 	
(1)   38/      46 : 37 A9               		B4	.KEY_INV_SIGN               ;146: 37 A8 	
(1)   39/      48 : 7A                  		REQ                                ;148: 7A 	
(1)   40/      49 :                     ;here we have no keys pressed, if r15.0 has a value, return it -1
 AS V1.42 Beta [Bld 87] - source file boydmon61.oasm(boydscan.inc) - page 2 - 4/14/2017 13:45:18


(1)   41/      49 : 8F                  		glo	r15
(1)   42/      4A : 32 09               		bz	.scan
(1)   43/      4C : 2F                  		dec	r15
(1)   44/      4D : E2                  		sex	r2	;restore the X register before returning
(1)   45/      4E : (MACRO)             		cretn
(1)   46/      50 :                     
(1)   47/      50 : F8 0D               .KEY_12		LDI	13                         ;150: F8  C 	
(1)   48/      52 : 30 AC               		BR	.KEY_SAVE                   ;152: 30 B4 	
(1)   49/      54 : F8 0E               .KEY_13		LDI	14                         ;154: F8  D 	
(1)   50/      56 : 30 AC               		BR	.KEY_SAVE                   ;156: 30 B4 	
(1)   51/      58 : F8 0F               .KEY_14		LDI	15                         ;158: F8  E 	
(1)   52/      5A : 30 AC               		BR	.KEY_SAVE                   ;15A: 30 B4 	
(1)   53/      5C : F8 10               .KEY_15		LDI	16                         ;15C: F8  F 	
(1)   54/      5E : 30 AC               		BR	.KEY_SAVE                   ;15E: 30 B4 	
(1)   55/      60 : F8 09               .KEY_8		LDI	 9                         ;160: F8  8 	
(1)   56/      62 : 30 AC               		BR	.KEY_SAVE                   ;162: 30 B4 	
(1)   57/      64 : F8 0A               .KEY_9		LDI	 10                         ;164: F8  9 	
(1)   58/      66 : 30 AC               		BR	.KEY_SAVE                   ;166: 30 B4 	
(1)   59/      68 : F8 0B               .KEY_10		LDI	11                         ;168: F8  A 	
(1)   60/      6A : 30 AC               		BR	.KEY_SAVE                   ;16A: 30 B4 	
(1)   61/      6C : F8 0C               .KEY_11		LDI	12                         ;16C: F8  B 	
(1)   62/      6E : 30 AC               		BR	.KEY_SAVE                   ;16E: 30 B4 	
(1)   63/      70 : F8 05               .KEY_4		LDI	 5                         ;170: F8  4 	
(1)   64/      72 : 30 AC               		BR	.KEY_SAVE                   ;172: 30 B4 	
(1)   65/      74 : F8 06               .KEY_5		LDI	 6                         ;174: F8  5 	
(1)   66/      76 : 30 AC               		BR	.KEY_SAVE                   ;176: 30 B4 	
(1)   67/      78 : F8 07               .KEY_6		LDI	 7                         ;178: F8  6 	
(1)   68/      7A : 30 AC               		BR	.KEY_SAVE                   ;17A: 30 B4 	
(1)   69/      7C : F8 08               .KEY_7		LDI	 8                         ;17C: F8  7 	
(1)   70/      7E : 30 AC               		BR	.KEY_SAVE                   ;17E: 30 B4 	
(1)   71/      80 : F8 01               .KEY_0		LDI	 1                         ;180: F8  0 	
(1)   72/      82 : 30 AC               		BR	.KEY_SAVE                   ;182: 30 B4 	
(1)   73/      84 : F8 02               .KEY_1		LDI	 2                         ;184: F8  1 	
(1)   74/      86 : 30 AC               		BR	.KEY_SAVE                   ;186: 30 B4 	
(1)   75/      88 : F8 03               .KEY_2		LDI	 3                         ;188: F8  2 	
(1)   76/      8A : 30 AC               		BR	.KEY_SAVE                   ;18A: 30 B4 	
(1)   77/      8C : F8 04               .KEY_3		LDI	 4                         ;18C: F8  3 	
(1)   78/      8E : 30 AC               		BR	.KEY_SAVE                   ;18E: 30 B4 	
(1)   79/      90 :                     		
(1)   80/      90 : F8 11               .KEY_ADD	ldi	16+1
(1)   81/      92 : 30 AC               		br	.key_save
(1)   82/      94 : F8 12               .KEY_SUB:	ldi	17+1
(1)   83/      96 : 30 AC               		br	.key_save
(1)   84/      98 : F8 15               .KEY_MUL:	ldi	20+1
(1)   85/      9A : 30 AC               		br	.key_save
(1)   86/      9C : F8 14               .KEY_MEM_STORE:	ldi	19+1
(1)   87/      9E : 30 AC               		br	.key_save
(1)   88/      A0 :                     
(1)   89/      A0 : F8 13               .KEY_REM:	ldi	18+1
(1)   90/      A2 : 30 AC               		br	.key_save
(1)   91/      A4 : 7A                  .KEY_CLEAR:	req
(1)   92/      A5 : F8 15               		ldi	20+1
(1)   93/      A7 : 30 AC               		br	.key_save
(1)   94/      A9 : 7A                  .KEY_INV_SIGN:	req
(1)   95/      AA : 7A                  .KEY_CLR_ENTRY:	req
(1)   96/      AB : 7A                  .KEY_DIV_FIS:	req
(1)   97/      AC :                     .KEY_EQU:
(1)   98/      AC :                     .KEY_DIV_WHOLE:
(1)   99/      AC :                     .KEY_MEM_RECALL:
(1)  100/      AC : AF                  .KEY_SAVE:	plo 15
 AS V1.42 Beta [Bld 87] - source file boydmon61.oasm(boydscan.inc) - page 3 - 4/14/2017 13:45:18


(1)  101/      AD : 30 09               		br .scan
      19/      AF :                     ;}
      20/      AF :                     L1:
      21/      AF : (MACRO)             	Cretn
      22/      B1 :                     
      23/      B1 :                     ;$$function end$$ _boydinc
      24/      B1 :                     ;$$function start$$ _disp1
      25/      B1 :                     _disp1:		;framesize=2
      26/      B1 :                     ;void disp1(unsigned char d){//display a byte as two hex digits
      27/      B1 :                     ;	asm(" glo 12\n ani 0x0f\n" //prep bottom digit
      28/      B1 : 8C                   glo 12
      29/      B2 : FA 0F                ani 0x0f
      30/      B4 : 22                   dec 2
      31/      B5 : 52                   str 2
      32/      B6 : 67                   out 7
      33/      B7 : 8C                   glo 12
      34/      B8 : F6                   shr
      35/      B9 : F6                   shr
      36/      BA : F6                   shr
      37/      BB : F6                   shr
      38/      BC : 22                   dec 2
      39/      BD : 52                   str 2
      40/      BE : 67                   out 7
      41/      BF :                     ;}
      42/      BF :                     L3:
      43/      BF : (MACRO)             	Cretn
      44/      C1 :                     
      45/      C1 :                     ;$$function end$$ _disp1
      46/      C1 :                     ;$$function start$$ _dispmemloc
      47/      C1 :                     _dispmemloc:		;framesize=8
      48/      C1 : (MACRO)             	pushr R7
      49/      C3 : (MACRO)             	reserve 4; save room for outgoing arguments
      50/      C7 : (MACRO)             	st2 R12,'O',sp,(8+1); flag1 
      51/      D4 :                     ;void dispmemloc(unsigned char * loc){
      52/      D4 :                     ;	initleds();
      53/      D4 :                     ;	disp1(*(loc+1));
      54/      D4 : 7A                   req
      55/      D5 : 7B                   seq
      56/      D6 : 22                   dec 2
      57/      D7 : 67                   out 7
      58/      D8 : 7A                   req
      59/      D9 : (MACRO)             	ld2 R11,'O',sp,(8+1) ;reg:INDIRP2(addr)
      60/      E5 : (MACRO)             	ld1 R12,'O',R11,(1)
      61/      EF : (MACRO)             	zExt R12 ;CVUI2: widen unsigned char to signed int (zero extend)
      62/      F2 : (MACRO)             	Ccall _disp1
      63/      F6 :                     ;	disp1(*loc);
      64/      F6 : (MACRO)             	ld2 R11,'O',sp,(8+1) ;reg:INDIRP2(addr)
      65/     102 : (MACRO)             	ldn1 R12,R11	;opt14*
      66/     104 : (MACRO)             	zExt R12 ;CVUI2: widen unsigned char to signed int (zero extend)
      67/     107 : (MACRO)             	Ccall _disp1
      68/     10B :                     ;	lint=(unsigned int)loc;
      69/     10B : (MACRO)             	ld2 R11,'O',sp,(8+1) ;reg:INDIRP2(addr)
      70/     117 : (MACRO)             	cpy2 R7,R11 ;LOADU2*(reg)
      71/     11B :                     ;	disp1((unsigned int)loc&0xff);
      72/     11B : (MACRO)             	ld2 R11,'O',sp,(8+1) ;reg:INDIRP2(addr)
      73/     127 : (MACRO)             	alu2I R11,R11,255,ani,ani ;removed copy;BANDU2(reg,con)  
      74/     12F : (MACRO)             	cpy1 R12,R11
      75/     131 : (MACRO)             	zExt R12 ;CVUI2(reg)*: widen unsigned char to signed int (zero extend)*
      76/     134 : (MACRO)             	Ccall _disp1
      77/     138 :                     ;	disp1(lint>>8);
 AS V1.42 Beta [Bld 87] - source file boydmon61.oasm - page 4 - 4/14/2017 13:45:18


      78/     138 : (MACRO)             	cpy2 R11,R7
      79/     13C : 9B                  	ghi	R11	;opt2
      80/     13D : AB                  	plo	R11
      81/     13E : F8 00               	ldi	0
      82/     140 : BB                  	phi	R11	
      83/     141 : (MACRO)             	cpy1 R12,R11
      84/     143 : (MACRO)             	zExt R12 ;CVUI2(reg)*: widen unsigned char to signed int (zero extend)*
      85/     146 : (MACRO)             	Ccall _disp1
      86/     14A :                     ;}
      87/     14A :                     L5:
      88/     14A : (MACRO)             	release 4; release room for outgoing arguments
      89/     14E : (MACRO)             	popr R7
      90/     153 : (MACRO)             	Cretn
      91/     155 :                     
      92/     155 :                     ;$$function end$$ _dispmemloc
      93/     155 :                     ;$$function start$$ _dispval
      94/     155 :                     _dispval:		;framesize=8
      95/     155 : (MACRO)             	pushr R7
      96/     157 : (MACRO)             	reserve 4; save room for outgoing arguments
      97/     15B : (MACRO)             	st2 R12,'O',sp,(8+1); flag1 
      98/     168 : (MACRO)             	ldA2 R11,'O',sp,(8+1); reg:addr
      99/     170 : (MACRO)             	ld2 R10,'O',sp,(8+1) ;reg:INDIRI2(addr)
     100/     17C : (MACRO)             	str1 R10,R11; ASGNU1(indaddr,reg)		DH
     101/     17E :                     ;void dispval(unsigned char v){
     102/     17E :                     ;	initleds();
     103/     17E :                     ;	disp1(v);
     104/     17E : 7A                   req
     105/     17F : 7B                   seq
     106/     180 : 22                   dec 2
     107/     181 : 67                   out 7
     108/     182 : 7A                   req
     109/     183 : (MACRO)             	ld1 R12,'O',sp,(8+1)
     110/     18D : (MACRO)             	zExt R12 ;CVUI2: widen unsigned char to signed int (zero extend)
     111/     190 : (MACRO)             	Ccall _disp1
     112/     194 :                     ;	for (i=6;i!=0;i--) out(7,0);
     113/     194 : (MACRO)             	ldaD R7,6; reg:acon
     114/     198 : C0 01 A8            	lbr L12
     115/     19B :                     L9:
     116/     19B : (MACRO)             	ldaD R12,7; reg:acon
     117/     19F : (MACRO)             	ld2z R13
     118/     1A3 : (MACRO)             	Ccall _out; CALLI2(ar)
     119/     1A7 :                     L10:
     120/     1A7 : (MACRO)             	decm R7,1	;SUBU2(reg,consm)
     121/     1A8 :                     L12:
     122/     1A8 : (MACRO)             	jnzU2 R7,L9; NE 0 
     123/     1B0 :                     ;}
     124/     1B0 :                     L7:
     125/     1B0 : (MACRO)             	release 4; release room for outgoing arguments
     126/     1B4 : (MACRO)             	popr R7
     127/     1B9 : (MACRO)             	Cretn
     128/     1BB :                     
     129/     1BB :                     ;$$function end$$ _dispval
     130/     1BB :                     ;$$function start$$ _getsp
     131/     1BB :                     _getsp:		;framesize=2
     132/     1BB :                     ;unsigned int getsp(){//return stack pointer value
     133/     1BB :                     ;	asm(" cpy2 r15,sp\n"  	//copy stack pointer to return reg
     134/     1BB :                     ;	return 0;				//not executed
     135/     1BB : (MACRO)              cpy2 r15,sp
     136/     1BF : (MACRO)              cretn
     137/     1C1 : (MACRO)             	ld2z R15
 AS V1.42 Beta [Bld 87] - source file boydmon61.oasm - page 5 - 4/14/2017 13:45:18


     138/     1C5 :                     L13:
     139/     1C5 : (MACRO)             	Cretn
     140/     1C7 :                     
     141/     1C7 :                     ;$$function end$$ _getsp
     142/     1C7 :                     ;$$function start$$ _execute
     143/     1C7 :                     _execute:		;framesize=16
     144/     1C7 : (MACRO)             	reserve 2; save room for local variables
     145/     1C9 : (MACRO)             	pushr R4
     146/     1CB : (MACRO)             	pushr R5
     147/     1CD : (MACRO)             	pushr R6
     148/     1CF : (MACRO)             	pushr R7
     149/     1D1 : (MACRO)             	reserve 4; save room for outgoing arguments
     150/     1D5 : (MACRO)             	cpy2 R7,R12; function(2055) 1
     151/     1D9 :                     ;unsigned char * execute(unsigned char * loc){
     152/     1D9 : C0 02 F8            	lbr L17
     153/     1DC :                     L16:
     154/     1DC :                     ;	while(1){
     155/     1DC :                     ;		op=*loc; val=*(loc+1);
     156/     1DC : (MACRO)             	ldn1 R6,R7;reg:  INDIRU1(indaddr)
     157/     1DE : (MACRO)             	cpy2 R11,R7
     158/     1E2 : (MACRO)             	incm R11,1
     159/     1E3 : (MACRO)             	ldn1 R5,R11;reg:  INDIRU1(indaddr)
     160/     1E5 :                     ;		switch (op){
     161/     1E5 : (MACRO)             	cpy1 R11,R6
     162/     1E7 : (MACRO)             	zExt R11 ;CVUI2(reg)*: widen unsigned char to signed int (zero extend)*
     163/     1EA : (MACRO)             	st2 R11,'O',sp,(12+1); ASGNI2(addr,reg)
     164/     1F7 : (MACRO)             	ld2 R11,'O',sp,(12+1) ;reg:INDIRI2(addr)
     165/     203 : (MACRO)             	jcI2I R11,0,lbnf,L19  ;LT=lbnf i.e. subtract immedB from A and jump if borrow
     166/     214 : (MACRO)             	jnI2I R11,4,lbnf,L19; GT reverse  the subtraction
     167/     225 : (MACRO)             	shl2I R11,1
     168/     22B : (MACRO)             	ld2 R11,'O',R11,(L27) ;reg:INDIRP2(addr)
     169/     237 : (MACRO)             	jumpv R11; JUMPV(reg)
     170/     23F :                     L27:
     171/     23F : 02 49               	dw L22
     172/     241 : 02 6E               	dw L23
     173/     243 : 02 8A               	dw L24
     174/     245 : 02 A0               	dw L25
     175/     247 : 02 BC               	dw L26
     176/     249 :                     L22:
     177/     249 :                     ;				mp=(unsigned char *)(4096+val);
     178/     249 : (MACRO)             	cpy1 R11,R5
     179/     24B : (MACRO)             	zExt R11 ;CVUI2(reg)*: widen unsigned char to signed int (zero extend)*
     180/     24E : (MACRO)             	ldA2 R11,'O',R11,(4096); reg:addr
     181/     256 : (MACRO)             	cpy2 R4,R11 ;LOADP2(reg)
     182/     25A :                     ;				dispval(*mp); delay(1000);
     183/     25A : (MACRO)             	ldn1 R12,R4	;opt14*
     184/     25C : (MACRO)             	zExt R12 ;CVUI2: widen unsigned char to signed int (zero extend)
     185/     25F : (MACRO)             	Ccall _dispval
     186/     263 : (MACRO)             	ldaD R12,1000; reg:acon
     187/     267 : (MACRO)             	Ccall _delay
     188/     26B :                     ;				break;
     189/     26B : C0 02 F6            	lbr L20
     190/     26E :                     L23:
     191/     26E :                     ;				mp=(unsigned char *)(4096+val);
     192/     26E : (MACRO)             	cpy1 R11,R5
     193/     270 : (MACRO)             	zExt R11 ;CVUI2(reg)*: widen unsigned char to signed int (zero extend)*
     194/     273 : (MACRO)             	ldA2 R11,'O',R11,(4096); reg:addr
     195/     27B : (MACRO)             	cpy2 R4,R11 ;LOADP2(reg)
     196/     27F :                     ;				*mp+=1;
     197/     27F : (MACRO)             	ldn1 R11,R4	;opt14*
 AS V1.42 Beta [Bld 87] - source file boydmon61.oasm - page 6 - 4/14/2017 13:45:18


     198/     281 : (MACRO)             	zExt R11 ;CVUI2: widen unsigned char to signed int (zero extend)
     199/     284 : (MACRO)             	incm R11,1
     200/     285 : (MACRO)             	str1 R11,R4; ASGNU1(indaddr,reg)		DH
     201/     287 :                     ;				break;
     202/     287 : C0 02 F6            	lbr L20
     203/     28A :                     L24:
     204/     28A :                     ;				loc=(unsigned char *)(val+4096-2); //ugh
     205/     28A : (MACRO)             	cpy1 R11,R5
     206/     28C : (MACRO)             	zExt R11 ;CVUI2(reg)*: widen unsigned char to signed int (zero extend)*
     207/     28F : (MACRO)             	ldA2 R11,'O',R11,(4096); reg:addr
     208/     297 : (MACRO)             	decm R11,2	;SUBI2(reg,consm)
     209/     299 : (MACRO)             	cpy2 R7,R11 ;LOADP2(reg)
     210/     29D :                     ;				break;
     211/     29D : C0 02 F6            	lbr L20
     212/     2A0 :                     L25:
     213/     2A0 :                     ;				delay(val*4);
     214/     2A0 : (MACRO)             	cpy1 R11,R5
     215/     2A2 : (MACRO)             	zExt R11 ;CVUI2(reg)*: widen unsigned char to signed int (zero extend)*
     216/     2A5 : (MACRO)             	shl2I R11,2
     217/     2B1 : (MACRO)             	cpy2 R12,R11 ;LOADU2*(reg)
     218/     2B5 : (MACRO)             	Ccall _delay
     219/     2B9 :                     ;				break;
     220/     2B9 : C0 02 F6            	lbr L20
     221/     2BC :                     L26:
     222/     2BC :                     ;				dispval(getsp());
     223/     2BC : (MACRO)             	Ccall _getsp;CALLU2(ar)*
     224/     2C0 : (MACRO)             	cpy1 R11,R15;LOADU1(reg)
     225/     2C2 : (MACRO)             	cpy1 R12,R11
     226/     2C4 : (MACRO)             	zExt R12 ;CVUI2(reg)*: widen unsigned char to signed int (zero extend)*
     227/     2C7 : (MACRO)             	Ccall _dispval
     228/     2CB :                     ;				delay(250);
     229/     2CB : (MACRO)             	ldaD R12,250; reg:acon
     230/     2CF : (MACRO)             	Ccall _delay
     231/     2D3 :                     ;				break;
     232/     2D3 : C0 02 F6            	lbr L20
     233/     2D6 :                     L19:
     234/     2D6 :                     ;				dispval(0x41); delay(250);
     235/     2D6 : (MACRO)             	ldaD R12,65; reg:acon
     236/     2DA : (MACRO)             	Ccall _dispval
     237/     2DE : (MACRO)             	ldaD R12,250; reg:acon
     238/     2E2 : (MACRO)             	Ccall _delay
     239/     2E6 :                     ;				dispmemloc(loc); delay(5000);
     240/     2E6 : (MACRO)             	cpy2 R12,R7 ;LOADP2(reg)
     241/     2EA : (MACRO)             	Ccall _dispmemloc
     242/     2EE : (MACRO)             	ldaD R12,5000; reg:acon
     243/     2F2 : (MACRO)             	Ccall _delay
     244/     2F6 :                     ;				break;
     245/     2F6 :                     L20:
     246/     2F6 :                     ;		loc+=2;
     247/     2F6 : (MACRO)             	incm R7,2
     248/     2F8 :                     ;	}
     249/     2F8 :                     L17:
     250/     2F8 :                     ;	while(1){
     251/     2F8 : C0 01 DC            	lbr L16
     252/     2FB :                     ;	return loc;
     253/     2FB : (MACRO)             	cpy2 R15,R7 ;LOADP2(reg)
     254/     2FF :                     L15:
     255/     2FF : (MACRO)             	release 4; release room for outgoing arguments
     256/     303 : (MACRO)             	popf R7	;opt11.3
     257/     306 : (MACRO)             	popm R6	;opt11.4
 AS V1.42 Beta [Bld 87] - source file boydmon61.oasm - page 7 - 4/14/2017 13:45:18


     258/     308 : (MACRO)             	popm R5	;opt11.4
     259/     30A : (MACRO)             	popl R4	;opt11.4
     260/     30E : (MACRO)             	release 2; release room for local variables 
     261/     310 : (MACRO)             	Cretn
     262/     312 :                     
     263/     312 :                     ;$$function end$$ _execute
     264/     312 :                     ;$$function start$$ _main
     265/     312 :                     _main: ;copt is peeping your size 16 frame with oct 23 rules
     266/     312 : (MACRO)             	reserve 2; save room for local variables
     267/     314 : (MACRO)             	pushr R4
     268/     316 : (MACRO)             	pushr R5
     269/     318 : (MACRO)             	pushr R6
     270/     31A : (MACRO)             	pushr R7
     271/     31C : (MACRO)             	reserve 4; save room for outgoing arguments
     272/     320 :                     ;{
     273/     320 :                     ;	unsigned char * loc=0;
     274/     320 : (MACRO)             	ldaD R6,0; reg:acon
     275/     324 :                     ;	unsigned char memtype='o'; //displaying o=eeprom,a=ram
     276/     324 : (MACRO)             	ldaD R5,111; reg:acon
     277/     328 :                     ;	dispval(0x42);
     278/     328 : (MACRO)             	ldaD R12,66; reg:acon
     279/     32C : (MACRO)             	Ccall _dispval
     280/     330 :                     ;	delay(1000);
     281/     330 : (MACRO)             	ldaD R12,1000; reg:acon
     282/     334 : (MACRO)             	Ccall _delay
     283/     338 : C0 04 7B            	lbr L30
     284/     33B :                     L29:
     285/     33B :                     ;	while(1){
     286/     33B :                     ;		dispmemloc(loc);
     287/     33B : (MACRO)             	cpy2 R12,R6 ;LOADP2(reg)
     288/     33F : (MACRO)             	Ccall _dispmemloc
     289/     343 :                     ;		k=boydscan();
     290/     343 : (MACRO)             	Ccall _boydscan; CALLI2(ar)
     291/     347 : (MACRO)             	cpy2 R11,R15 ;LOADU2*(reg)
     292/     34B : (MACRO)             	cpy1 R7,R11;LOADU1(reg)
     293/     34D :                     ;		switch(k){
     294/     34D : (MACRO)             	cpy1 R11,R7
     295/     34F : (MACRO)             	zExt R11 ;CVUI2(reg)*: widen unsigned char to signed int (zero extend)*
     296/     352 : (MACRO)             	st2 R11,'O',sp,(12+1); ASGNI2(addr,reg)
     297/     35F : (MACRO)             	ld2 R11,'O',sp,(12+1) ;reg:INDIRI2(addr)
     298/     36B : (MACRO)             	jcI2I R11,16,lbnf,L32  ;LT=lbnf i.e. subtract immedB from A and jump if borrow
     299/     37C : (MACRO)             	jnI2I R11,20,lbnf,L32; GT reverse  the subtraction
     300/     38D : (MACRO)             	shl2I R11,1
     301/     393 : (MACRO)             	ld2 R11,'O',R11,(L42-32) ;reg:INDIRP2(addr)
     302/     39F : (MACRO)             	jumpv R11; JUMPV(reg)
     303/     3A7 :                     L42:
     304/     3A7 : 03 B1               	dw L35
     305/     3A9 : 03 B5               	dw L36
     306/     3AB : 03 C0               	dw L37
     307/     3AD : 03 DC               	dw L40
     308/     3AF : 04 4B               	dw L41
     309/     3B1 :                     L35:
     310/     3B1 :                     ;				loc +=1;
     311/     3B1 : (MACRO)             	incm R6,1
     312/     3B2 :                     ;				break;
     313/     3B2 : C0 04 7B            	lbr L33
     314/     3B5 :                     L36:
     315/     3B5 :                     ;				loc -=1;
     316/     3B5 : (MACRO)             	ldA2 R6,'O',R6,(-1); reg:addr
     317/     3BD :                     ;				break;
 AS V1.42 Beta [Bld 87] - source file boydmon61.oasm - page 8 - 4/14/2017 13:45:18


     318/     3BD : C0 04 7B            	lbr L33
     319/     3C0 :                     L37:
     320/     3C0 :                     ;				if (memtype=='o'){
     321/     3C0 : (MACRO)             	jneU1I R5,111,L38	; DH 4
     322/     3C6 :                     ;					loc=(unsigned char *)4096;
     323/     3C6 : (MACRO)             	ldaD R6,0x1000; reg:acon
     324/     3CA :                     ;					memtype='a';
     325/     3CA : (MACRO)             	ldaD R5,97; reg:acon
     326/     3CE :                     ;				}else{
     327/     3CE : C0 04 7B            	lbr L33
     328/     3D1 :                     L38:
     329/     3D1 :                     ;					loc=(unsigned char *)0;
     330/     3D1 : (MACRO)             	ldaD R6,0; reg:acon
     331/     3D5 :                     ;					memtype='o';
     332/     3D5 : (MACRO)             	ldaD R5,111; reg:acon
     333/     3D9 :                     ;				}
     334/     3D9 :                     ;				break;
     335/     3D9 : C0 04 7B            	lbr L33
     336/     3DC :                     L40:
     337/     3DC :                     ;				dispmemloc(loc); //makes a blink
     338/     3DC : (MACRO)             	cpy2 R12,R6 ;LOADP2(reg)
     339/     3E0 : (MACRO)             	Ccall _dispmemloc
     340/     3E4 :                     ;				k=boydscan(); dispval(k); delay(250);
     341/     3E4 : (MACRO)             	Ccall _boydscan; CALLI2(ar)
     342/     3E8 : (MACRO)             	cpy2 R11,R15 ;LOADU2*(reg)
     343/     3EC : (MACRO)             	cpy1 R7,R11;LOADU1(reg)
     344/     3EE : (MACRO)             	cpy1 R12,R7
     345/     3F0 : (MACRO)             	zExt R12 ;CVUI2(reg)*: widen unsigned char to signed int (zero extend)*
     346/     3F3 : (MACRO)             	Ccall _dispval
     347/     3F7 : (MACRO)             	ldaD R12,250; reg:acon
     348/     3FB : (MACRO)             	Ccall _delay
     349/     3FF :                     ;				k2=boydscan(); dispval(k2); delay(250);
     350/     3FF : (MACRO)             	Ccall _boydscan; CALLI2(ar)
     351/     403 : (MACRO)             	cpy2 R11,R15 ;LOADU2*(reg)
     352/     407 : (MACRO)             	cpy1 R4,R11;LOADU1(reg)
     353/     409 : (MACRO)             	cpy1 R12,R4
     354/     40B : (MACRO)             	zExt R12 ;CVUI2(reg)*: widen unsigned char to signed int (zero extend)*
     355/     40E : (MACRO)             	Ccall _dispval
     356/     412 : (MACRO)             	ldaD R12,250; reg:acon
     357/     416 : (MACRO)             	Ccall _delay
     358/     41A :                     ;				*loc=(k<<4)+k2;
     359/     41A : (MACRO)             	cpy1 R11,R7
     360/     41C : (MACRO)             	zExt R11 ;CVUI2(reg)*: widen unsigned char to signed int (zero extend)*
     361/     41F : (MACRO)             	shl2I R11,4
     362/     437 : (MACRO)             	cpy1 R10,R4
     363/     439 : (MACRO)             	zExt R10 ;CVUI2(reg)*: widen unsigned char to signed int (zero extend)*
     364/     43C : (MACRO)             	alu2 R11,R11,R10,add,adc; ADDI2(r,r)
     365/     446 : (MACRO)             	str1 R11,R6; ASGNU1(indaddr,reg)		DH
     366/     448 :                     ;				break;
     367/     448 : C0 04 7B            	lbr L33
     368/     44B :                     L41:
     369/     44B :                     ;				dispval(0x45);
     370/     44B : (MACRO)             	ldaD R12,69; reg:acon
     371/     44F : (MACRO)             	Ccall _dispval
     372/     453 :                     ;				delay(250);
     373/     453 : (MACRO)             	ldaD R12,250; reg:acon
     374/     457 : (MACRO)             	Ccall _delay
     375/     45B :                     ;				loc=execute(loc);
     376/     45B : (MACRO)             	cpy2 R12,R6 ;LOADP2(reg)
     377/     45F : (MACRO)             	Ccall _execute
 AS V1.42 Beta [Bld 87] - source file boydmon61.oasm - page 9 - 4/14/2017 13:45:18


     378/     463 : (MACRO)             	cpy2 R6,R15 ;LOADP2(reg)
     379/     467 :                     ;				break;
     380/     467 : C0 04 7B            	lbr L33
     381/     46A :                     L32:
     382/     46A :                     ;				dispval(k);
     383/     46A : (MACRO)             	cpy1 R12,R7
     384/     46C : (MACRO)             	zExt R12 ;CVUI2(reg)*: widen unsigned char to signed int (zero extend)*
     385/     46F : (MACRO)             	Ccall _dispval
     386/     473 :                     ;				delay(250);
     387/     473 : (MACRO)             	ldaD R12,250; reg:acon
     388/     477 : (MACRO)             	Ccall _delay
     389/     47B :                     ;		}
     390/     47B :                     L33:
     391/     47B :                     ;	}
     392/     47B :                     L30:
     393/     47B :                     ;	while(1){
     394/     47B : C0 03 3B            	lbr L29
     395/     47E :                     ;}
     396/     47E :                     L28:
     397/     47E : (MACRO)             	release 4; release room for outgoing arguments
     398/     482 : (MACRO)             	popf R7	;opt11.3
     399/     485 : (MACRO)             	popm R6	;opt11.4
     400/     487 : (MACRO)             	popm R5	;opt11.4
     401/     489 : (MACRO)             	popl R4	;opt11.4
     402/     48D : (MACRO)             	release 2; release room for local variables 
     403/     48F : (MACRO)             	Cretn
     404/     491 :                     
     405/     491 :                     ;$$function end$$ _main
     406/     491 :                     ;$$function start$$ _delay
     407/     491 :                     _delay:		;framesize=10
     408/     491 : (MACRO)             	pushr R6
     409/     493 : (MACRO)             	pushr R7
     410/     495 : (MACRO)             	reserve 4; save room for outgoing arguments
     411/     499 : (MACRO)             	cpy2 R7,R12; function(2054) 1
     412/     49D :                     ;void delay(unsigned int howlong){
     413/     49D :                     ;	for (i=1;i!=howlong;i++){
     414/     49D : (MACRO)             	ldaD R6,1; reg:acon
     415/     4A1 : C0 04 A9            	lbr L48
     416/     4A4 :                     L45:
     417/     4A4 :                     ;		oneMs();
     418/     4A4 : (MACRO)             	Ccall _oneMs; CALLI2(ar)
     419/     4A8 :                     ;	}
     420/     4A8 :                     L46:
     421/     4A8 :                     ;	for (i=1;i!=howlong;i++){
     422/     4A8 : (MACRO)             	incm R6,1
     423/     4A9 :                     L48:
     424/     4A9 : (MACRO)             	jneU2 R6,R7,L45; NE
     425/     4BB :                     ;}
     426/     4BB :                     L44:
     427/     4BB : (MACRO)             	release 4; release room for outgoing arguments
     428/     4BF : (MACRO)             	popf R7	;opt11.3
     429/     4C2 : (MACRO)             	popl R6	;opt11.3
     430/     4C6 : (MACRO)             	Cretn
     431/     4C8 :                     
     432/     4C8 :                     ;$$function end$$ _delay
     433/     4C8 :                     ;$$function start$$ _olduinoincluder
     434/     4C8 :                     _olduinoincluder:		;framesize=2
     435/     4C8 :                     ;void olduinoincluder(){
     436/     4C8 :                     ;	asm("\tinclude olduino.inc\n");
     437/     4C8 :                     	include olduino.inc
 AS V1.42 Beta [Bld 87] - source file boydmon61.oasm(olduino.inc) - page 10 - 4/14/2017 13:45:18


(1)    1/     4C8 :                     ;Feb 8 2013, first version of assembler routines for olduino support	
(1)    2/     4C8 :                     ;may 31 - incredibly, there's an error in digitalWrite.  lda2 changed to ldAD
(1)    3/     4C8 :                     ;digitalWrite(unsigned char n, unsigned char hilo){ //set a bit in the output port on or off
(1)    4/     4C8 :                     	align 64	;needed to make sure all on same page
(1)    5/     500 :                     _digitalWrite:
(1)    6/     500 : 8C                  	glo regArg1	;get the bit number
(1)    7/     501 : FC 1E               	adi $$bvtable&255	;add the table offset
(1)    8/     503 : AE                  	plo memaddr
(1)    9/     504 : 93                  	ghi RPC		;get the top byte of the current page
(1)   10/     505 : BE                  	phi memaddr	
(1)   11/     506 : 0E                  	ldn memaddr	;pick up the bit pattern
(1)   12/     507 : A8                  	plo rt1		;save it in a temp
(1)   13/     508 : (MACRO)             	ldAD memaddr,_PIN4 ;address the current port value
(1)   14/     50C : EE                  	sex memaddr	;prepare to change it
(1)   15/     50D : 8D                  	glo regArg2	;get on/off switch
(1)   16/     50E : 32 15               	bz $$setbitoff
(1)   17/     510 :                     ; here we have the bit pattern in rt1 and we're ready to apply it with OR
(1)   18/     510 : 88                  	glo rt1		;get the bit value back
(1)   19/     511 : F1                  	or		;apply it
(1)   20/     512 : 5E                  	str memaddr	;and save it
(1)   21/     513 : 30 1A               	br $$outit	;go fnish up
(1)   22/     515 :                     $$setbitoff:
(1)   23/     515 : 88                  	glo rt1		;get the bit pattern
(1)   24/     516 : FB FF               	xri 0xff	;reverse it
(1)   25/     518 : F2                  	and		;combine it with the existing pin value
(1)   26/     519 : 5E                  	str memaddr	;and save it
(1)   27/     51A :                     ;here we gave set/reset the correct bit in PIN4 and we just have to send it out
(1)   28/     51A :                     $$outit:
(1)   29/     51A : 64                  	out 4		;X was already set to memaddr
(1)   30/     51B : E2                  	sex sp		;reset X
(1)   31/     51C : (MACRO)             	cretn
(1)   32/     51E : 01 02 04 08 10 20   $$bvtable db 1,2,4,8,16,32,64,128	;table of bit values
                    40 80 
(1)   33/     526 :                     ;int digitalRead(unsigned char pin){//for now this will always read ef3
(1)   34/     526 :                     	align 8	;protect jump boundary
(1)   35/     528 :                     _digitalRead:
(1)   36/     528 : F8 00               	ldi 0		;default is false
(1)   37/     52A : AF                  	plo R15
(1)   38/     52B : BF                  	phi R15
(1)   39/     52C : 36 2F               	b3 +		;i have to reverse the sense of the external line
(1)   40/     52E : 1F                  	inc R15		;if external line is high, supply a 1
(1)   41/     52F : (MACRO)             +	cretn
(1)   42/     531 :                     
     438/     531 :                     ;}
     439/     531 :                     L49:
     440/     531 : (MACRO)             	Cretn
     441/     533 :                     
     442/     533 :                     ;$$function end$$ _olduinoincluder
     443/     533 :                     	include lcc1802epiloNW.inc
(1)    1/     533 :                     ;lcc1802Epilog.inc initialization and runtime functions needed for lcc1802 programs
(1)    2/     533 :                     ;Dec 21 2012 - out5/putc moved to separate putc.inc for christmas compiler
(1)    3/     533 :                     ;this is the version published with the lcc1802121229 release
(1)    4/     533 :                     ;jan 1 2013 incleasing stack beginning lcation to 3fff (16K)
(1)    5/     533 :                     ;jan 2 removed test routines, moved code not needing short branches to before the align 256
(1)    6/     533 :                     ;jan 11 going back to SCRT conventions for NG compiler
(1)    7/     533 :                     ;Jan 21 adding _mulu4 32 bit multiplication - really s.b. mulI4
(1)    8/     533 :                     ;Jan 28 archived before beginning work on Birthday Compiler
(1)    9/     533 :                     ;Feb 5 dubdab algorithm being brought in for ltoa itoa
(1)   10/     533 :                     ;Feb 12 fixed bugs in modi2/u2
(1)   11/     533 :                     ;feb 27 changed stack to start at 7fff
 AS V1.42 Beta [Bld 87] - source file boydmon61.oasm(lcc1802epiloNW.inc) - page 11 - 4/14/2017 13:45:18


(1)   12/     533 :                     ;mar 3, 2013 saved as epiloNO for optimization round
(1)   13/     533 :                     ;mar 28,2013 - LCCepilofl.inc changes scrt to standard big-endian stack
(1)   14/     533 :                     ;april 4 adding digit count argument to dubdabx
(1)   15/     533 :                     ;Oct 2, 2013 redoing mulu2 for faster results with small arg1 - dhrystone
(1)   16/     533 :                     ;oct 12 divu2 redone for faster perf on small numbers, remainder now in regarg1 - modu2/modi2 changed to match
(1)   17/     533 :                     ;16-09-20 allow stack relocation 
(1)   18/     533 :                     ;16-11-26 calculate onems delay from cpu speed in LCC1802CPUSPEED
(1)   19/     533 :                     ;17-03-07 adjusting stack offset for 1805/6 stack discipline
(1)   20/     533 :                     ;17-03-13 protecting work areas in divi2,divi4 routines from 1806 SCAL
(1)   21/     533 :                     ;17-03-15 onems compensates for reduced subroutine overhead in 1806
(1)   22/     533 :                     ;17-04-09 don't include call/return for 1806
(1)   23/     533 : =EH                 rwork	equ	memAddr	;work register
(1)   24/     533 :                     lcc1802init:	
(1)   25/     533 : (MACRO)             	ldiReg	RCALL,$$_die; _call
(1)   26/     537 : (MACRO)             	ldiReg	RRET,$$_die; _return
(1)   27/     53B : =>DEFINED             IFNDEF  LCCSTACKLOC		;wjr 16-09-20 allow stack relocation
(1)   28/     53B :                     	ldiReg	SP,0x7fff	;wjr jan 1 start stack at 32K-1 as default
(1)   29/     53B : =>TRUE                ELSEIF				;wjr 16-09-20
(1)   30/     53B : (MACRO)             	ldiReg	SP,LCCSTACKLOC	;wjr 16-09-20 start stack as specified
(1)   31/     53F : [27]                  ENDIF				;wjr 16-09-20
(1)   32/     53F : E2                  	sex	SP
(1)   33/     540 : (MACRO)             	ldiReg	RPC,$$_00000
(1)   34/     544 : D3                  	sep	RPC
(1)   35/     545 :                     $$_00000:
(1)   36/     545 : (MACRO)             	Ccall _main	;call the main routine
(1)   37/     549 : C0 05 49            $$_die:	lbr	$$_die		;loop here when main returns
(1)   38/     54C : DE AD               	db	0xde,0xad
(1)   39/     54E :                     
(1)   40/     54E :                     ;the following routines don't have short jumps and don't need to worry about alignment
(1)   41/     54E :                     _setqOn:
(1)   42/     54E : 7B                  	seq
(1)   43/     54F : (MACRO)             	Cretn
(1)   44/     551 :                     _setqOff:
(1)   45/     551 : 7A                  	req
(1)   46/     552 : (MACRO)             	Cretn
(1)   47/     554 : =>DEFINED            IFNDEF  LCCNOMATH		;wjr 17-04-09 disable 16 bit math
(1)   48/     554 :                     _modU2:	;16 bit unsigned remainder
(1)   49/     554 :                     	; just calls the 16 bit division then puts remainder into return value
(1)   50/     554 :                         Ccall _divU2
(1)   51/     554 :                         glo regArg1
(1)   52/     554 :                         plo retVal
(1)   53/     554 :                         ghi regArg1
(1)   54/     554 :                         phi retVal
(1)   55/     554 :                         Cretn
(1)   56/     554 :                         
(1)   57/     554 :                     _modI2:	;16 bit signed remainder
(1)   58/     554 :                     	; just calls the 16 bit division then puts remainder into return value
(1)   59/     554 :                         Ccall _divI2
(1)   60/     554 :                         glo regArg1
(1)   61/     554 :                         plo retVal
(1)   62/     554 :                         ghi regArg1
(1)   63/     554 :                         phi retVal
(1)   64/     554 :                         Cretn
(1)   65/     554 : [47]                 ENDIF
(1)   66/     554 :                     _out4:	
(1)   67/     554 : 8C                  	glo	regArg1
(1)   68/     555 : 22                  	dec	sp
(1)   69/     556 : 52                  	str	sp
(1)   70/     557 : 64                  	out	4
(1)   71/     558 : (MACRO)             	Cretn
 AS V1.42 Beta [Bld 87] - source file boydmon61.oasm(lcc1802epiloNW.inc) - page 12 - 4/14/2017 13:45:18


(1)   72/     55A :                     
(1)   73/     55A :                     ;the following routines have short branches so all the code has to stay within the same page
(1)   74/     55A : =>FALSE               if MOMCPU<>$1805		;for 1806 use SCAL
(1)   75/     55A :                     	align 16
(1)   76/     55A :                     ;Standard Call routine invoked as D4xxxx - big-endian stack convention
(1)   77/     55A :                     	sep     R3 ;go to subroutine
(1)   78/     55A :                     _call	sex	SP ;make sure X=SP
(1)   79/     55A :                     	glo	retAddr ;save previous return pointer on stack
(1)   80/     55A :                     	dec	sp
(1)   81/     55A :                     	stxd
(1)   82/     55A :                     	ghi	retAddr
(1)   83/     55A :                     	str	sp	
(1)   84/     55A :                     	glo	RPC ;copy old PC to retAddr
(1)   85/     55A :                     	plo	retAddr
(1)   86/     55A :                     	ghi	RPC
(1)   87/     55A :                     	phi	retAddr
(1)   88/     55A :                     	lda	retAddr ;pick up subroutine address into RPC
(1)   89/     55A :                     	phi	RPC
(1)   90/     55A :                     	lda	retAddr
(1)   91/     55A :                     	plo	RPC
(1)   92/     55A :                     	br	_call-1
(1)   93/     55A :                     
(1)   94/     55A :                     ;Standard subroutine return 
(1)   95/     55A :                     	align 16
(1)   96/     55A :                     	sep	RPC	;return to the original program
(1)   97/     55A :                     _return	glo	retAddr	;transfer the current return address to RPC
(1)   98/     55A :                     	plo	RPC
(1)   99/     55A :                     	ghi	retAddr
(1)  100/     55A :                     	phi	RPC
(1)  101/     55A :                     	lda	SP	;pick up old return address
(1)  102/     55A :                     	phi	retAddr
(1)  103/     55A :                     	lda	SP
(1)  104/     55A :                     	plo	retAddr
(1)  105/     55A :                     	br	_return-1
(1)  106/     55A : [74]                 ENDIF
(1)  107/     55A :                     	align 8
(1)  108/     560 :                     _oneMs:		;execute 1ms worth of instructions including call(15)/return(10) sequence. takes about 1 ms
(1)  109/     560 :                     ;subroutine overhead soaks up 27 instruction time.
(1)  110/     560 :                     ;each loop is 2 instruction times
(1)  111/     560 :                     ;so the number of loops needed is 
(1)  112/     560 :                     ;CPU speed/16000 less the 27 all divide by two
(1)  113/     560 : =>DEFINED           	IFNDEF	LCC1802CPUSPEED
(1)  114/     560 :                     LCC1802CPUSPEED EQU 1600000	;1.6MHZ default
(1)  115/     560 : [113]               	ENDIF
(1)  116/     560 : =>TRUE               if MOMCPU=$1805		;for 1806 SCAL
(1)  117/     560 : =EH                 LCC1802SUBOVHD  EQU 14		;1806 SCAL/SRET subroutine overhead
(1)  118/     560 : =>FALSE              else
(1)  119/     560 :                     LCC1802SUBOVHD  EQU 27		;default SCRT subroutine overhead
(1)  120/     560 : [116]                endif 
(1)  121/     560 : F8 02               	ldi	(LCC1802CPUSPEED/1000/16-LCC1802SUBOVHD)/2
(1)  122/     562 : FF 01               $$mslp:	smi	1
(1)  123/     564 : 3A 62               	bnz	$$mslp
(1)  124/     566 : (MACRO)             	Cretn
(1)  125/     568 :                     
(1)  126/     568 :                     
(1)  127/     568 : =>DEFINED            IFNDEF  LCCNOMATH		;wjr 17-04-09 disable 16 bit math	
(1)  128/     568 :                     	align 128
(1)  129/     568 :                     ;16 bit right shifting multiply which is faster for smaller operands
(1)  130/     568 :                     ; credit to http://map.grauw.nl/articles/mult_div_shifts.php#lrmultr
(1)  131/     568 :                     _mulU2:		;retval(product)=regarg1(multiplicand)*regarg2(multiplier)
 AS V1.42 Beta [Bld 87] - source file boydmon61.oasm(lcc1802epiloNW.inc) - page 13 - 4/14/2017 13:45:18


(1)  132/     568 :                     	ld2z retval
(1)  133/     568 :                     $$mulrlp:
(1)  134/     568 :                     	shru2 regarg2
(1)  135/     568 :                     	bnf $$mulrnoadd
(1)  136/     568 :                     ;	bottom bit of multiplier is one so add multiplicand to product
(1)  137/     568 :                     	alu2 retval,retval,regarg1,add,adc
(1)  138/     568 :                     $$mulrnoadd:
(1)  139/     568 :                     	ghi regarg2	;check for all bits of multiplier shifted out
(1)  140/     568 :                     	bnz $$mulrshft	;nope, continue
(1)  141/     568 :                     	glo regarg2	;check bottom byte
(1)  142/     568 :                     	bz $$mulrdone
(1)  143/     568 :                     $$mulrshft:
(1)  144/     568 :                     	shl2 regarg1	;shift multiplicand left 1
(1)  145/     568 :                     	br $$mulrlp
(1)  146/     568 :                     $$mulrdone:		;here the product is in retval
(1)  147/     568 :                     	cretn
(1)  148/     568 :                     
(1)  149/     568 :                     ;this is a divisor shifting algorithm which is faster for smaller operands
(1)  150/     568 :                     ;credit to http://research.microsoft.com/pubs/70645/tr-2008-141.pdf
(1)  151/     568 :                     ;changed oct 12 to save R10 & 1/2 R11 on stack
(1)  152/     568 :                     _divu2: ;retval=regarg1(x or dividend)/regarg2(y or divisor)
(1)  153/     568 :                     	;uses R14(rwork) to hold original divisor y0, 
(1)  154/     568 :                     	;regarg1 to hold develop remainder, 
(1)  155/     568 :                     	;R10 to hold working dividend R11.0 as a temp
(1)  156/     568 :                     testsub: macro reg1,reg2	;test subtraction of reg2 from reg1
(1)  157/     568 :                     				;result in D, rwork.hi, DF
(1)  158/     568 :                     	glo reg2
(1)  159/     568 :                     	str sp
(1)  160/     568 :                     	glo reg1
(1)  161/     568 :                     	sm
(1)  162/     568 :                     	plo R11
(1)  163/     568 :                     	ghi reg2
(1)  164/     568 :                     	str sp
(1)  165/     568 :                     	ghi reg1
(1)  166/     568 :                     	smb
(1)  167/     568 :                     	endm
(1)  168/     568 :                     	
(1)  169/     568 :                     	pushf R10	;save R10 & leave stack down 1
(1)  170/     568 :                     	glo R11		;and bottom
(1)  171/     568 :                     	stxd		;of R11 - leaves stack clear of work area
(1)  172/     568 :                     	cpy2 R10,regarg1
(1)  173/     568 :                     	ld2z retval	;quotient
(1)  174/     568 :                     	cpy2 rwork,regarg2
(1)  175/     568 :                     	
(1)  176/     568 :                     	testsub R10,regarg2
(1)  177/     568 :                     	bnf $$computequot	;DF=0 means it didn't fit
(1)  178/     568 :                     	phi R10	;R10=R10-regarg2
(1)  179/     568 :                     	glo R11
(1)  180/     568 :                     	plo R10
(1)  181/     568 :                     	
(1)  182/     568 :                     $$again:	;this is the divisor doubling phase
(1)  183/     568 :                      	testsub R10,regarg2
(1)  184/     568 :                      	bnf $$computequot	;df=0 means it didn't fit
(1)  185/     568 :                     	phi R10	;R10=R10-regarg2
(1)  186/     568 :                     	glo R11
(1)  187/     568 :                     	plo R10 	
(1)  188/     568 :                      	shl2 regarg2	;y=y+y
(1)  189/     568 :                      	br $$again
(1)  190/     568 :                      	
(1)  191/     568 :                      $$computequot:	;here we're computing the quotient
 AS V1.42 Beta [Bld 87] - source file boydmon61.oasm(lcc1802epiloNW.inc) - page 14 - 4/14/2017 13:45:18


(1)  192/     568 :                      	testsub regarg1,regarg2
(1)  193/     568 :                      	bnf $$testexit
(1)  194/     568 :                      	phi regarg1		;complete the subtraction
(1)  195/     568 :                      	glo R11
(1)  196/     568 :                      	plo regarg1
(1)  197/     568 :                      	inc retval
(1)  198/     568 :                      $$testexit:
(1)  199/     568 :                      	ghi rwork
(1)  200/     568 :                      	sm	;top of regarg2 is still on stack
(1)  201/     568 :                      	bnz $$ney0y
(1)  202/     568 :                      	glo regarg2
(1)  203/     568 :                      	str sp
(1)  204/     568 :                      	glo rwork
(1)  205/     568 :                      	sm	;test low order bytes
(1)  206/     568 :                      	bz	$$out	;if = we're done
(1)  207/     568 :                      $$ney0y:
(1)  208/     568 :                      	shl2 retval	;double quotient
(1)  209/     568 :                      	shrU2 regarg2	;halve divisor
(1)  210/     568 :                      	br $$computequot	;continue
(1)  211/     568 :                      $$out:
(1)  212/     568 :                      ;here the quotient is in retval, remainder in regarg1
(1)  213/     568 :                       	inc sp	;release work area
(1)  214/     568 :                     	lda sp	;recover
(1)  215/     568 :                     	plo R11	;bottom byte of R11
(1)  216/     568 :                     	popr R10 ;and all of R10
(1)  217/     568 :                     	cretn	;and we're done
(1)  218/     568 :                     
(1)  219/     568 :                     ;signed integer division retVal=regArg1/regArg2, remainder in regArg1
(1)  220/     568 :                     ;uses unsigned division of absolute values then negates the quotient if the signs were originally different
(1)  221/     568 :                     _divI2:
(1)  222/     568 :                         dec	sp	;leave a work area available
(1)  223/     568 :                         ghi regArg1
(1)  224/     568 :                         str sp	;save the sign of the 1st arg
(1)  225/     568 :                         shl
(1)  226/     568 :                         bnf $$pos1	;if the 1st arg is -v
(1)  227/     568 :                         negI2 regArg1,regArg1 ;flip it to positive
(1)  228/     568 :                     $$pos1: ;1st is now +v, check 2nd
(1)  229/     568 :                         ghi regArg2
(1)  230/     568 :                         xor	
(1)  231/     568 :                         str sp ;the stack now has bit 8 set if the signs are different
(1)  232/     568 :                         ghi regArg2
(1)  233/     568 :                         shl
(1)  234/     568 :                         bnf $$pos2	;if the 2nd arg is -v
(1)  235/     568 :                         negI2 regArg2,regArg2 ;flip it to +v
(1)  236/     568 :                     $$pos2: ; both args now +v
(1)  237/     568 :                      if MOMCPU=$1805
(1)  238/     568 :                         dec sp	;protect workarea on the 1802
(1)  239/     568 :                         Ccall _divU2	;call unsigned division
(1)  240/     568 :                         inc sp	;recover work area
(1)  241/     568 :                      else
(1)  242/     568 :                         Ccall _divU2	;call unsigned division
(1)  243/     568 : [237]                endif 
(1)  244/     568 :                     ;now the quotient is in retVal and the remainder is in regArg2
(1)  245/     568 :                         lda	sp ;get back the sign bits and restore SP
(1)  246/     568 :                         shl
(1)  247/     568 :                         bnf $$done ;if the signs were different
(1)  248/     568 :                         negI2 retVal,retVal ;negate the quotient
(1)  249/     568 :                     $$done:
(1)  250/     568 :                         Cretn ;and we're done - I hope!
(1)  251/     568 : [127]                ENDIF
 AS V1.42 Beta [Bld 87] - source file boydmon61.oasm(lcc1802epiloNW.inc) - page 15 - 4/14/2017 13:45:18


(1)  252/     568 : =>DEFINED            IFNDEF  LCCNOLONG		;wjr 17-04-09 disable 32 bit math
(1)  253/     568 :                     	align 256    ;32 bit operations follow
(1)  254/     568 :                     _divu4:
(1)  255/     568 :                     ;This is an unsigned 32 bit restoring division
(1)  256/     568 :                     ;The arguments are in RL8 and RL10, the result RL8/RL10 is in RL8, and the remainder is in Rp1p2
(1)  257/     568 :                     ;Rp1p2:RL8 form a 64 bit work area A:Q
(1)  258/     568 :                     ;the dividend, in RL10 is repeatedly combined with the top 32 bits and the two shifted left
(1)  259/     568 :                     ;the algorithm is described in http://www2.informatik.hu-berlin.de/~rok/ca/TEMP/CA_2000/engl/ca12/ca12_1-4.pdf
(1)  260/     568 :                     
(1)  261/     568 :                     	ldi 32		;set loop count
(1)  262/     568 :                     	plo memaddr	;in temp register
(1)  263/     568 :                     	ldi4 Rp1p2,0	;clear Rp1p2
(1)  264/     568 :                     $$loop:
(1)  265/     568 :                     	shL4 RL8	;shift bottom 32 bits left 1
(1)  266/     568 :                     	shLC4 Rp1p2	;continue the shift into the top 32 bits
(1)  267/     568 :                     
(1)  268/     568 :                     	alu4 Rp1p2,Rp1p2,RL10,sm,smb	;subtract dividend from top 32 bits
(1)  269/     568 :                     
(1)  270/     568 :                     	ani 0x80	;check the top bit
(1)  271/     568 :                     	bz $$norestore	;if it's 0
(1)  272/     568 :                     		glo RL8
(1)  273/     568 :                     		ani 0xfe	;turn off the bottom bit
(1)  274/     568 :                     		plo RL8
(1)  275/     568 :                     		alu4 Rp1p2,Rp1p2,RL10,add,adc
(1)  276/     568 :                     	br $$endlp 	;else
(1)  277/     568 :                     $$norestore:
(1)  278/     568 :                     		glo RL8
(1)  279/     568 :                     		ori 1	;turn on the bottom bit
(1)  280/     568 :                     		plo RL8
(1)  281/     568 :                     	;end if
(1)  282/     568 :                     $$endlp:
(1)  283/     568 :                     	dec memaddr	;check the cycle count
(1)  284/     568 :                     	glo memaddr
(1)  285/     568 :                     	bnz $$loop	;back for more if needed
(1)  286/     568 :                     	
(1)  287/     568 :                     	Cretn		;and we're done - quotient is in RL8, remainder in Rp1p2
(1)  288/     568 :                     		
(1)  289/     568 :                     
(1)  290/     568 :                     _mulu4:
(1)  291/     568 :                     	;this is a 32 bit signed multiplication using booth's algorithm
(1)  292/     568 :                     	;much thanks to David Schultz for the code and Charles Richmond for help with the algorithm
(1)  293/     568 :                     	;input is in register pairs R8:R9 and R10:R11 (called RL8 and RL10)
(1)  294/     568 :                     	;output is in R8:R9, with the top 32 bits in r12:13 (called Rp1p2)
(1)  295/     568 :                     	;the bottom byte of memaddr is used as a cycle count
(1)  296/     568 :                     	;initially	R12:13=0,	R8:R9=operand 1, DF=0
(1)  297/     568 :                     	;for 32 cycles we check the low bit of R8:R9 and DF
(1)  298/     568 :                     	;for 01 we add the R10:R11 to R12:13 and shift the whole 64 bits right once into DF
(1)  299/     568 :                     	;for 10 we subtract and shift
(1)  300/     568 :                     	;for 00 and 11 we just shift
(1)  301/     568 :                     
(1)  302/     568 :                         ldi4 rp1p2,0	;eventual product top 32 bits
(1)  303/     568 :                         ldi 32
(1)  304/     568 :                         plo memaddr		;cycle count
(1)  305/     568 :                         adi 0		;clear df
(1)  306/     568 :                     $$mloop:
(1)  307/     568 :                         glo RL8
(1)  308/     568 :                         ani 1		;isolate bottom bit of result
(1)  309/     568 :                         bnf	$$check_sub	;
(1)  310/     568 :                         bnz	$$shift		;that would be the 11 case
(1)  311/     568 :                     ;this is case 01: add second operand to top 32 bits and shift all 64 bits right
 AS V1.42 Beta [Bld 87] - source file boydmon61.oasm(lcc1802epiloNW.inc) - page 16 - 4/14/2017 13:45:18


(1)  312/     568 :                         alu4 Rp1p2,Rp1p2,RL10,add,adc	;32 bit add
(1)  313/     568 :                         br $$shift
(1)  314/     568 :                     $$check_sub:
(1)  315/     568 :                         bz $$shift	;that would be the 00 case
(1)  316/     568 :                     ;this is case 10: subtract 2nd operand from top 32 bits then shift right
(1)  317/     568 :                         alu4 Rp1p2,Rp1p2,RL10,sm,smb
(1)  318/     568 :                     $$shift:
(1)  319/     568 :                         shRI4 Rp1p2		;shift the top 32 bits
(1)  320/     568 :                         shRC4 RL8		;continue the shift to the bottom 32 bits
(1)  321/     568 :                     
(1)  322/     568 :                         dec memaddr		;cycle count
(1)  323/     568 :                         glo memaddr
(1)  324/     568 :                         bnz $$mloop		;repeat cycle once for each bit position
(1)  325/     568 :                         
(1)  326/     568 :                         cretn	;and we're done. if Rp1p2 is not 0 or -1 we've overflowed 
(1)  327/     568 :                     
(1)  328/     568 :                     	align 256
(1)  329/     568 :                     ;signed integer division RL8=RL8/RL10, remainder in Rp1p2
(1)  330/     568 :                     ;uses unsigned division of absolute values then negates the quotient if the signs were originally different
(1)  331/     568 :                     _divI4:
(1)  332/     568 :                         dec	sp	;leave a work area available
(1)  333/     568 :                         ghi RL8-1	;get the top of the dividend
(1)  334/     568 :                         str sp	;save the sign of the 1st arg
(1)  335/     568 :                         shl
(1)  336/     568 :                         bnf $$pos1	;if the 1st arg is -v
(1)  337/     568 :                         negI4 RL8,RL8 ;flip it to positive
(1)  338/     568 :                     $$pos1: ;1st is now +v, check 2nd
(1)  339/     568 :                         ghi RL10-1
(1)  340/     568 :                         xor	
(1)  341/     568 :                         str sp ;the stack now has bit 8 set if the signs are different
(1)  342/     568 :                         ghi RL10-1
(1)  343/     568 :                         shl
(1)  344/     568 :                         bnf $$pos2	;if the 2nd arg is -v
(1)  345/     568 :                         negI4 RL10,RL10 ;flip it to +v
(1)  346/     568 :                     $$pos2: ; both args now +v
(1)  347/     568 :                      if MOMCPU=$1805
(1)  348/     568 :                         dec sp	;protect workarea on the 1802
(1)  349/     568 :                         Ccall _divU4	;call unsigned division
(1)  350/     568 :                         inc sp	;recover work area
(1)  351/     568 :                      else
(1)  352/     568 :                         Ccall _divU4	;call unsigned division
(1)  353/     568 : [347]                endif 
(1)  354/     568 :                     ;now the quotient is in RL8 and the remainder is in Rp1p2
(1)  355/     568 :                         lda	sp ;get back the sign bits and restore SP
(1)  356/     568 :                         shl
(1)  357/     568 :                         bnf $$done ;if the signs were different
(1)  358/     568 :                         negI4 RL8,RL8 ;negate the quotient
(1)  359/     568 :                     $$done:
(1)  360/     568 :                         Cretn ;and we're done - I hope!
(1)  361/     568 : [252]                ENDIF
(1)  362/     568 : =>DEFINED            IFNDEF  LCCNOMATH		;wjr 17-04-09 disable 16 bit math
(1)  363/     568 :                     _dubdabx:	
(1)  364/     568 :                     ;experimental binay-ascii conversion using the double-dabble algorithm
(1)  365/     568 :                     ;thanks to Charles Richmond for the suggestion and code
(1)  366/     568 :                     ;long interger is passed in rp1p2
(1)  367/     568 :                     ;buffer pointer is passed at sp+2+4**+1 for 1806
(1)  368/     568 :                     ;a pointer to the 1st non-zero byte in the buffer is passed back in r15
(1)  369/     568 :                     ;r8-11 are used as temps
(1)  370/     568 :                     ;r8 is the working pointer
(1)  371/     568 :                     ;r15.0 is bit count(32) and the return value register
 AS V1.42 Beta [Bld 87] - source file boydmon61.oasm(lcc1802epiloNW.inc) - page 17 - 4/14/2017 13:45:18


(1)  372/     568 :                     ;r9.0 is digit count
(1)  373/     568 :                     ;r10 is the number of digits wanted in the result including leading 0's - 0 means no leading 0's
(1)  374/     568 :                      if MOMCPU=$1805
(1)  375/     568 :                     	ld2 r8,'O',sp,(2+4+1); pick up the buffer pointer
(1)  376/     568 :                     	ld2 r10,'O',sp,(2+4+2+1); pick up the number of digits wanted
(1)  377/     568 :                      else
(1)  378/     568 :                     	ld2 r8,'O',sp,(2+4); pick up the buffer pointer
(1)  379/     568 :                     	ld2 r10,'O',sp,(2+4+2); pick up the number of digits wanted
(1)  380/     568 : [374]                endif
(1)  381/     568 :                     	cpy2 r15,r8 ;save address for now
(1)  382/     568 :                     	ldi 11	;digit count+1 for trailing 0
(1)  383/     568 :                     	plo r9
(1)  384/     568 :                     $$clrlp:	;clear the passed buffer
(1)  385/     568 :                     	ldi 0	
(1)  386/     568 :                     	str r8	;clear a byte
(1)  387/     568 :                     	inc r8
(1)  388/     568 :                     	dec r9
(1)  389/     568 :                     	glo r9	;check the count
(1)  390/     568 :                     	bnz $$clrlp ;back for more
(1)  391/     568 :                     	cpy2 r8,r15 ;get the address back
(1)  392/     568 :                     
(1)  393/     568 :                     	ldi 32	;bit count
(1)  394/     568 :                     	plo r15
(1)  395/     568 :                     ;now i'm going to spin off any leading 0's in the binary number
(1)  396/     568 :                     $$cktop:
(1)  397/     568 :                     	ghi rp1p2-1	;get the top bit of the number
(1)  398/     568 :                     	shl		;check for a 1
(1)  399/     568 :                     	bdf $$bitloop	;move on if we have one
(1)  400/     568 :                     	shl4 rp1p2	;shift the input number
(1)  401/     568 :                     	dec r15		;reduce the number of times to shift
(1)  402/     568 :                     	glo r15
(1)  403/     568 :                     	bnz $$cktop	;
(1)  404/     568 :                     	inc r15		;our whole number was 0 but force at least one pass
(1)  405/     568 :                     $$bitloop:
(1)  406/     568 :                     	ldi 10	;digit count
(1)  407/     568 :                     	plo r9
(1)  408/     568 :                     $$dcklp:
(1)  409/     568 :                     	ldn r8 	;pick up a digit
(1)  410/     568 :                     	smi 5	;see if it's greater than 4
(1)  411/     568 :                     	bnf $$dnoadd ;if not, bypass add
(1)  412/     568 :                     	adi 0x08	;add the 5 black and 3 more
(1)  413/     568 :                     	str r8	;put it back
(1)  414/     568 :                     $$dnoadd:
(1)  415/     568 :                     	inc r8
(1)  416/     568 :                     	dec r9	;decrement digit count
(1)  417/     568 :                     	glo r9
(1)  418/     568 :                     	bnz $$dcklp ;and back for next digit
(1)  419/     568 :                     	
(1)  420/     568 :                     	shl4 rp1p2 ;shift the input number
(1)  421/     568 :                     	
(1)  422/     568 :                     	ldi 10	;load the digit count again
(1)  423/     568 :                     	plo r9
(1)  424/     568 :                     ;r8 is now just past the units location and ready to walk back
(1)  425/     568 :                     $$dshlp:
(1)  426/     568 :                     	dec r8	;walk back from 0's position
(1)  427/     568 :                     	ldn r8	;get the digit back
(1)  428/     568 :                     	shlc	;continue the shift
(1)  429/     568 :                     	phi r15 ;save it for the carry test
(1)  430/     568 :                     	ani 0x0f ;clear the 10 bit
(1)  431/     568 :                     	str r8	;put the digit back
 AS V1.42 Beta [Bld 87] - source file boydmon61.oasm(lcc1802epiloNW.inc) - page 18 - 4/14/2017 13:45:18


(1)  432/     568 :                     	ghi r15	;now test for carry
(1)  433/     568 :                     	smi 0x10 ; this will make df 1 if the 10 bit is set
(1)  434/     568 :                     	dec r9	;decrement the digit count
(1)  435/     568 :                     	glo r9
(1)  436/     568 :                     	bnz $$dshlp ;back for more if needed
(1)  437/     568 :                     	
(1)  438/     568 :                     	dec r15
(1)  439/     568 :                     	glo r15
(1)  440/     568 :                     	bnz $$bitloop
(1)  441/     568 :                     	
(1)  442/     568 :                     	cpy2 r15,r8	;save the starting location of the digits
(1)  443/     568 :                     	ldi 10		;digit count again
(1)  444/     568 :                     	plo r9
(1)  445/     568 :                     $$upnxt:
(1)  446/     568 :                     	ldn r8		;get digit
(1)  447/     568 :                     	ori 0x30	;make ascii
(1)  448/     568 :                     	str r8		;put it back
(1)  449/     568 :                     	inc r8		;next digit
(1)  450/     568 :                     	dec r9		;counter
(1)  451/     568 :                     	glo r9
(1)  452/     568 :                     	bnz $$upnxt	;upgrade all 10 spots
(1)  453/     568 :                      if MOMCPU=$1805	
(1)  454/     568 :                     	ldaX memaddr,sp,(2+4+2+1+1)	;point to lsb of desired digit count
(1)  455/     568 :                      else
(1)  456/     568 :                      	ldaX memaddr,sp,(2+4+2+1)	;point to lsb of desired digit count
(1)  457/     568 : [453]                endif
(1)  458/     568 :                     	sex memaddr	;set up
(1)  459/     568 :                     	ldi 10		;max number of 0's to skip
(1)  460/     568 :                     	sm		;desired number of digits to skip
(1)  461/     568 :                     	sex sp		;reset index register
(1)  462/     568 :                     	plo r9		;number of leading 0's to skip
(1)  463/     568 :                     $$cknext:
(1)  464/     568 :                     	ldn r15		;check digit
(1)  465/     568 :                     	smi 0x30	;for '0'
(1)  466/     568 :                     	bnz $$done
(1)  467/     568 :                     	inc r15		;next digit
(1)  468/     568 :                     	dec r9		;reduce count
(1)  469/     568 :                     	glo r9
(1)  470/     568 :                     	bnz $$cknext
(1)  471/     568 :                     $$done:
(1)  472/     568 :                     	cretn
(1)  473/     568 : [362]                ENDIF	
(1)  474/     568 : =>DEFINED            IFNDEF  LCCNOLONG		;wjr 17-04-09 disable 32 bit math	
(1)  475/     568 :                     _modU4:	;32 bit unsigned remainder
(1)  476/     568 :                     	; just calls the 32 bit division then puts remainder into return value
(1)  477/     568 :                         Ccall _divU4
(1)  478/     568 :                         cpy4 RL8,Rp1p2
(1)  479/     568 :                         Cretn
(1)  480/     568 :                         
(1)  481/     568 :                     _modI4:	;32 bit signed remainder
(1)  482/     568 :                     	; just calls the 32 bit division then puts remainder into return value
(1)  483/     568 :                         Ccall _divI4
(1)  484/     568 :                         cpy4 RL8,Rp1p2
(1)  485/     568 :                         Cretn
(1)  486/     568 : [474]                ENDIF	
(1)  487/     568 :                     
     444/     568 :                     	include IO1802.inc
(1)    1/     568 :                     ;IO1802.inc contains input/output runtime routines for LCC1802
(1)    2/     568 :                     ;The port is in regArg1, the output byte is in regArg2
(1)    3/     568 :                     	align 64
 AS V1.42 Beta [Bld 87] - source file boydmon61.oasm(IO1802.inc) - page 19 - 4/14/2017 13:45:18


(1)    4/     580 :                     _putc:
(1)    5/     580 :                     _out5:	
(1)    6/     580 : 8C                  	glo	regArg1
(1)    7/     581 : 22                  	dec	sp
(1)    8/     582 : 52                  	str	sp
(1)    9/     583 : 65                  	out	5
(1)   10/     584 : (MACRO)             	Cretn
(1)   11/     586 :                     _inp:		;raw port input
(1)   12/     586 :                     		;stores a small tailored program on the stack and executes it
(1)   13/     586 : 22                  	dec	sp	;work backwards
(1)   14/     587 : F8 D3               	ldi	0xD3	;return instruction
(1)   15/     589 : 73                  	stxd		
(1)   16/     58A : 8C                  	glo	regarg1	;get the port number
(1)   17/     58B : FA 07               	ani	0x07	;clean it
(1)   18/     58D : 32 9D               	bz	+	; inp(0) isn't valid
(1)   19/     58F : F9 68               	ori	0x68	;make it an input instruction
(1)   20/     591 : 73                  	stxd		;store it for execution
(1)   21/     592 : (MACRO)             	cpy2	rt1,sp	;rt1&sp now point to an empty byte to be overwritten by the inp instruction
(1)   22/     596 : 18                  	inc	rt1	;rt1 points to the 6x instruction
(1)   23/     597 : D8                  	sep	rt1	;execute it
(1)   24/     598 :                     ;we will come back to here with the input byte in D
(1)   25/     598 : 12                  	inc	sp	;step over the work area
(1)   26/     599 : AF                  	plo	retVal	;save it to return
(1)   27/     59A : F8 00               	ldi	0
(1)   28/     59C : BF                  	phi	retval	;clear top byte
(1)   29/     59D : 12                  +	inc	sp	;need to get rid of the 6x instruction
(1)   30/     59E : 12                  	inc	sp	;and the D3
(1)   31/     59F : (MACRO)             	Cretn		;and we're done
(1)   32/     5A1 :                     	
(1)   33/     5A1 :                     _out:		;raw port output
(1)   34/     5A1 :                     		;stores a small tailored program on the stack and executes it
(1)   35/     5A1 :                     		;this could be bolder:
(1)   36/     5A1 :                     		;store the program as 6x cc D5 where x is the port number and cc is the char
(1)   37/     5A1 :                     		;then SEP sp
(1)   38/     5A1 :                     		;the D5 would return to the calling program and finish fixing the stack.
(1)   39/     5A1 :                     		;saves 6 instructions but it's a bit tricky.
(1)   40/     5A1 : 22                  	dec	sp	;work backwards
(1)   41/     5A2 : F8 D3               	ldi	0xD3	;return instruction
(1)   42/     5A4 : 73                  	stxd		
(1)   43/     5A5 : (MACRO)             	cpy2	rt1,sp	;rt1 will point to the OUT instruction
(1)   44/     5A9 : 8C                  	glo	regarg1	;get the port number
(1)   45/     5AA : FA 07               	ani	0x07	;clean it
(1)   46/     5AC : F9 60               	ori	0x60	;make it an out instruction - 60 is harmless
(1)   47/     5AE : 73                  	stxd		;store it for execution
(1)   48/     5AF : 8D                  	glo	regarg2	;get the byte to be written
(1)   49/     5B0 : 52                  	str	sp	;store it where sp points
(1)   50/     5B1 : D8                  	sep	rt1	;execute it
(1)   51/     5B2 :                     ;we will come back to here with sp stepped up by one
(1)   52/     5B2 : 12                  +	inc	sp	;need to get rid of the 6x instruction
(1)   53/     5B3 : 12                  	inc	sp	;and the D3
(1)   54/     5B4 : (MACRO)             	Cretn		;and we're done
(1)   55/     5B6 :                     	
(1)   56/     5B6 :                     	
(1)   57/     5B6 :                     
     445/     5B6 :                     
 AS V1.42 Beta [Bld 87] - source file boydmon61.oasm - page 20 - 4/14/2017 13:45:18


  symbol table (* = unused):
  ------------------------

*ARCHITECTURE :  i386-unknown-win32 - | *BIGENDIAN :                      0 - |
*BRANCHEXT :                      0 - |  BVTABLE115 :                   51E C |
*CASESENSITIVE :                  0 - | *CONSTPI :        3.141592653589793 - |
*DATE :                   4/14/2017 - | *FALSE :                          0 - |
*FULLPMMU :                       1 - | *HAS64 :                          1 - |
*HASDSP :                         0 - | *HASFPU :                         0 - |
*HASPMMU :                        0 - | *INEXTMODE :                      0 - |
*INLWORDMODE :                    0 - | *INMAXMODE :                      0 - |
*INSRCMODE :                      0 - | *INSUPMODE :                      0 - |
*L1 :                            AF C | *L10 :                          1A7 C |
 L12 :                          1A8 C | *L13 :                          1C5 C |
*L15 :                          2FF C |  L16 :                          1DC C |
 L17 :                          2F8 C |  L19 :                          2D6 C |
 L20 :                          2F6 C |  L22 :                          249 C |
 L23 :                          26E C |  L24 :                          28A C |
 L25 :                          2A0 C |  L26 :                          2BC C |
 L27 :                          23F C | *L28 :                          47E C |
 L29 :                          33B C | *L3 :                            BF C |
 L30 :                          47B C |  L32 :                          46A C |
 L33 :                          47B C |  L35 :                          3B1 C |
 L36 :                          3B5 C |  L37 :                          3C0 C |
 L38 :                          3D1 C |  L40 :                          3DC C |
 L41 :                          44B C |  L42 :                          3A7 C |
*L44 :                          4BB C |  L45 :                          4A4 C |
*L46 :                          4A8 C |  L48 :                          4A9 C |
*L49 :                          531 C | *L5 :                           14A C |
*L7 :                           1B0 C |  L9 :                           19B C |
 LCC1802CPUSPEED :            493E0 - |  LCC1802INIT :                  533 C |
 LCC1802SUBOVHD :                 E - |  LCCCODELOC :                     0 - |
*LCCNOLONG :                      1 - | *LCCNOMATH :                      1 - |
 LCCSTACKLOC :                 103F - | *LISTON :                         1 - |
*MACEXP :                         0 - |  MEMADDR :                        E - |
 MOMCPU :                      1805 - | *MOMCPUNAME :                  1805 - |
 MSLP125 :                      562 C | *NESTMAX :                      100 - |
 OUTIT115 :                     51A C | *PACKING :                        0 - |
*PADDING :                        1 - | *R0 :                             0 - |
*R1 :                             1 - |  R10 :                            A - |
 R11 :                            B - |  R12 :                            C - |
 R13 :                            D - |  R14 :                            E - |
 R15 :                            F - |  R2 :                             2 - |
*R3 :                             3 - |  R4 :                             4 - |
 R5 :                             5 - |  R6 :                             6 - |
 R7 :                             7 - | *R8 :                             8 - |
*R9 :                             9 - |  RCALL :                          4 - |
 REGARG1 :                        C - |  REGARG2 :                        D - |
*RELAXED :                        1 - | *RETADDR :                        6 - |
 RETVAL :                         F - | *RL0 :                            1 - |
*RL10 :                           B - | *RL12 :                           D - |
*RL6 :                            7 - | *RL8 :                            9 - |
*RP1P2 :                          D - |  RPC :                            3 - |
 RRET :                           5 - |  RT1 :                            8 - |
*RT2 :                            9 - | *RWORK :                          E - |
 SETBITOFF115 :                 515 C |  SP :                             2 - |
*TIME :                    13:45:18 - | *TRUE :                           1 - |
*VERSION :                     142F - |  _00000120 :                    545 C |
*_BOYDINC :                       4 C |  _BOYDSCAN :                      4 C |
 _BOYDSCAN.KEY_0 :               80 C |  _BOYDSCAN.KEY_1 :               84 C |
 AS V1.42 Beta [Bld 87] - source file boydmon61.oasm - page 21 - 4/14/2017 13:45:18


 _BOYDSCAN.KEY_10 :              68 C |  _BOYDSCAN.KEY_11 :              6C C |
 _BOYDSCAN.KEY_12 :              50 C |  _BOYDSCAN.KEY_13 :              54 C |
 _BOYDSCAN.KEY_14 :              58 C |  _BOYDSCAN.KEY_15 :              5C C |
 _BOYDSCAN.KEY_2 :               88 C |  _BOYDSCAN.KEY_3 :               8C C |
 _BOYDSCAN.KEY_4 :               70 C |  _BOYDSCAN.KEY_5 :               74 C |
 _BOYDSCAN.KEY_6 :               78 C |  _BOYDSCAN.KEY_7 :               7C C |
 _BOYDSCAN.KEY_8 :               60 C |  _BOYDSCAN.KEY_9 :               64 C |
 _BOYDSCAN.KEY_ADD :             90 C |  _BOYDSCAN.KEY_CLEAR :           A4 C |
 _BOYDSCAN.KEY_CLR_ENTRY :       AA C |  _BOYDSCAN.KEY_DIV_FIS :         AB C |
 _BOYDSCAN.KEY_DIV_WHOLE :       AC C |  _BOYDSCAN.KEY_EQU :             AC C |
 _BOYDSCAN.KEY_INV_SIGN :        A9 C |  _BOYDSCAN.KEY_MEM_RECALL :      AC C |
 _BOYDSCAN.KEY_MEM_STORE :       9C C |  _BOYDSCAN.KEY_MUL :             98 C |
 _BOYDSCAN.KEY_REM :             A0 C |  _BOYDSCAN.KEY_SAVE :            AC C |
 _BOYDSCAN.KEY_SUB :             94 C |  _BOYDSCAN.SCAN :                 9 C |
 _DELAY :                       491 C |  _DIE120 :                      549 C |
*_DIGITALREAD :                 528 C | *_DIGITALWRITE :                500 C |
 _DISP1 :                        B1 C |  _DISPMEMLOC :                   C1 C |
 _DISPVAL :                     155 C |  _EXECUTE :                     1C7 C |
 _GETSP :                       1BB C | *_INP :                         586 C |
 _MAIN :                        312 C | *_OLDUINOINCLUDER :             4C8 C |
 _ONEMS :                       560 C |  _OUT :                         5A1 C |
*_OUT4 :                        554 C | *_OUT5 :                        580 C |
 _PIN4 :                          3 C | *_PUTC :                        580 C |
*_SETQOFF :                     551 C | *_SETQON :                      54E C |
 __FORW0 :                      52F C |  __FORW1 :                      59D C |
*__FORW2 :                      5B2 C |

    165 symbols
     65 unused symbols

 AS V1.42 Beta [Bld 87] - source file boydmon61.oasm - page 22 - 4/14/2017 13:45:18


  defined macros:
  ---------------

ALU2                                  | ALU2I                                
ALU2RRS                               | ALU4                                 
ALU4I                                 | BLKCPY                               
CCALL                                 | CPY1                                 
CPY2                                  | CPY4                                 
CRETN                                 | DECM                                 
DEMOTE                                | INC4                                 
INCM                                  | JCF4                                 
JCI2                                  | JCI2I                                
JCI4                                  | JCU2                                 
JCU2I                                 | JCU4                                 
JEQI1                                 | JEQI2                                
JEQI4                                 | JEQU1I                               
JEQU2I                                | JNEU1I                               
JNEU2                                 | JNEU2I                               
JNEU2NI                               | JNEU4                                
JNI2I                                 | JNU2I                                
JNZU1                                 | JNZU2                                
JUMPV                                 | JZU1                                 
JZU2                                  | LD1                                  
LD2                                   | LD2Z                                 
LD4                                   | LDA2                                 
LDAD                                  | LDAX                                 
LDAXS                                 | LDI4                                 
LDIREG                                | LDN1                                 
LDN2                                  | LDN2S                                
MVC1                                  | MVC2                                 
MVCN1                                 | MVCN2                                
NEGI2                                 | NEGI4                                
NOP1806                               | POPF                                 
POPL                                  | POPM                                 
POPR                                  | PUSHF                                
PUSHL                                 | PUSHM                                
PUSHR                                 | RELEASE                              
RELEASEL                              | RELEASES                             
RESERVE                               | RESERVEL                             
RESERVES                              | SEXT                                 
SEXT4                                 | SHL2                                 
SHL2I                                 | SHL2R                                
SHL4                                  | SHL4I                                
SHL4R                                 | SHLC4                                
SHLR2R                                | SHRC4                                
SHRI2                                 | SHRI2I                               
SHRI2R                                | SHRI4                                
SHRI4I                                | SHRI4R                               
SHRU2                                 | SHRU2I                               
SHRU2R                                | SHRU4                                
SHRU4I                                | SHRU4R                               
ST1                                   | ST2                                  
ST2I                                  | ST4                                  
STR1                                  | STR1I                                
STR2                                  | STR2I                                
ZEXT                                  | ZEXT4                                

    106 macros

 AS V1.42 Beta [Bld 87] - source file boydmon61.oasm - page 23 - 4/14/2017 13:45:18


  codepages:
  ----------

STANDARD (0 changed characters)


0.08 seconds assembly time

   2257 lines source file
   3879 lines incl. macro expansions
      2 passes
      0 errors
      0 warnings
